\BOOKMARK [1][-]{section.1}{\376\377\0001\000\040\000I\000n\000t\000r\000o\000d\000u\000z\000i\000o\000n\000e}{}% 1
\BOOKMARK [2][-]{subsection.1.1}{\376\377\0001\000.\0001\000\040\000C\000o\000n\000t\000e\000s\000t\000o\000\040\000e\000\040\000S\000c\000e\000n\000a\000r\000i\000o\000\040\000A\000p\000p\000l\000i\000c\000a\000t\000i\000v\000o}{section.1}% 2
\BOOKMARK [2][-]{subsection.1.2}{\376\377\0001\000.\0002\000\040\000M\000o\000t\000i\000v\000a\000z\000i\000o\000n\000i\000\040\000P\000r\000o\000g\000e\000t\000t\000u\000a\000l\000i}{section.1}% 3
\BOOKMARK [2][-]{subsection.1.3}{\376\377\0001\000.\0003\000\040\000O\000b\000i\000e\000t\000t\000i\000v\000i\000\040\000d\000e\000l\000\040\000L\000a\000v\000o\000r\000o}{section.1}% 4
\BOOKMARK [1][-]{section.2}{\376\377\0002\000\040\000A\000r\000c\000h\000i\000t\000e\000t\000t\000u\000r\000a\000\040\000d\000i\000\040\000S\000i\000s\000t\000e\000m\000a}{}% 5
\BOOKMARK [2][-]{subsection.2.1}{\376\377\0002\000.\0001\000\040\000A\000n\000a\000l\000i\000s\000i\000\040\000d\000e\000i\000\040\000L\000i\000v\000e\000l\000l\000i\000\040\000A\000r\000c\000h\000i\000t\000e\000t\000t\000u\000r\000a\000l\000i}{section.2}% 6
\BOOKMARK [2][-]{subsection.2.2}{\376\377\0002\000.\0002\000\040\000I\000n\000t\000e\000g\000r\000a\000z\000i\000o\000n\000e\000\040\000e\000\040\000F\000l\000u\000s\000s\000o\000\040\000D\000a\000t\000i}{section.2}% 7
\BOOKMARK [1][-]{section.3}{\376\377\0003\000\040\000S\000o\000t\000t\000o\000s\000i\000s\000t\000e\000m\000a\000\040\000H\000a\000r\000d\000w\000a\000r\000e}{}% 8
\BOOKMARK [2][-]{subsection.3.1}{\376\377\0003\000.\0001\000\040\000I\000m\000p\000l\000e\000m\000e\000n\000t\000a\000z\000i\000o\000n\000e\000\040\000F\000i\000s\000i\000c\000a\000\040\000e\000\040\000T\000e\000c\000n\000i\000c\000h\000e\000\040\000d\000i\000\040\000A\000s\000s\000e\000m\000b\000l\000a\000g\000g\000i\000o\000\040\000S\000M\000T}{section.3}% 9
\BOOKMARK [2][-]{subsection.3.2}{\376\377\0003\000.\0002\000\040\000A\000l\000i\000m\000e\000n\000t\000a\000z\000i\000o\000n\000e\000\040\000e\000\040\000P\000o\000w\000e\000r\000\040\000I\000n\000t\000e\000g\000r\000i\000t\000y}{section.3}% 10
\BOOKMARK [2][-]{subsection.3.3}{\376\377\0003\000.\0003\000\040\000I\000l\000\040\000S\000o\000C\000\040\000R\000a\000s\000p\000b\000e\000r\000r\000y\000\040\000P\000i\000\040\000R\000P\0002\0000\0004\0000}{section.3}% 11
\BOOKMARK [1][-]{section.4}{\376\377\0004\000\040\000S\000o\000t\000t\000o\000s\000i\000s\000t\000e\000m\000a\000\040\000F\000i\000r\000m\000w\000a\000r\000e}{}% 12
\BOOKMARK [2][-]{subsection.4.1}{\376\377\0004\000.\0001\000\040\000S\000t\000r\000u\000m\000e\000n\000t\000i\000\040\000d\000i\000\040\000S\000v\000i\000l\000u\000p\000p\000o}{section.4}% 13
\BOOKMARK [2][-]{subsection.4.2}{\376\377\0004\000.\0002\000\040\000P\000e\000r\000i\000f\000e\000r\000i\000c\000h\000e\000\040\000e\000\040\000P\000e\000r\000s\000i\000s\000t\000e\000n\000z\000a}{section.4}% 14
\BOOKMARK [1][-]{section.5}{\376\377\0005\000\040\000C\000o\000n\000c\000l\000u\000s\000i\000o\000n\000i\000\040\000e\000\040\000S\000v\000i\000l\000u\000p\000p\000i\000\040\000F\000u\000t\000u\000r\000i}{}% 15
\BOOKMARK [2][-]{subsection.5.1}{\376\377\0005\000.\0001\000\040\000A\000n\000a\000l\000i\000s\000i\000\040\000d\000e\000i\000\040\000R\000i\000s\000u\000l\000t\000a\000t\000i\000\040\000e\000\040\000V\000a\000l\000i\000d\000a\000z\000i\000o\000n\000e\000\040\000T\000e\000c\000n\000i\000c\000a}{section.5}% 16
\BOOKMARK [2][-]{subsection.5.2}{\376\377\0005\000.\0002\000\040\000R\000i\000f\000l\000e\000s\000s\000i\000o\000n\000i\000\040\000s\000u\000l\000\040\000D\000e\000s\000i\000g\000n\000\040\000I\000b\000r\000i\000d\000o}{section.5}% 17
\BOOKMARK [2][-]{subsection.5.3}{\376\377\0005\000.\0003\000\040\000S\000v\000i\000l\000u\000p\000p\000i\000\040\000F\000u\000t\000u\000r\000i\000\040\000e\000\040\000S\000c\000a\000l\000a\000b\000i\000l\000i\000t\000\340}{section.5}% 18
\BOOKMARK [1][-]{appendix.Alph1}{\376\377\000A\000\040\000D\000o\000c\000u\000m\000e\000n\000t\000a\000z\000i\000o\000n\000e\000\040\000d\000e\000l\000\040\000C\000o\000d\000i\000c\000e\000\040\000S\000o\000r\000g\000e\000n\000t\000e}{}% 19
\BOOKMARK [2][-]{subsection.Alph1.1}{\376\377\000A\000.\0001\000\040\000S\000t\000r\000u\000t\000t\000u\000r\000a\000\040\000d\000e\000l\000\040\000R\000e\000p\000o\000s\000i\000t\000o\000r\000y}{appendix.Alph1}% 20
\BOOKMARK [2][-]{subsection.Alph1.2}{\376\377\000A\000.\0002\000\040\000C\000o\000n\000f\000i\000g\000u\000r\000a\000z\000i\000o\000n\000e\000\040\000e\000\040\000R\000i\000p\000r\000o\000d\000u\000c\000i\000b\000i\000l\000i\000t\000\340\000\040\000d\000e\000l\000l\000'\000A\000m\000b\000i\000e\000n\000t\000e}{appendix.Alph1}% 21
\BOOKMARK [2][-]{subsection.Alph1.3}{\376\377\000A\000.\0003\000\040\000I\000m\000p\000l\000e\000m\000e\000n\000t\000a\000z\000i\000o\000n\000e\000\040\000d\000e\000i\000\040\000M\000o\000d\000u\000l\000i\000\040\000H\000a\000r\000d\000w\000a\000r\000e}{appendix.Alph1}% 22
\BOOKMARK [1][-]{appendix.Alph2}{\376\377\000B\000\040\000P\000r\000o\000g\000e\000t\000t\000o\000\040\000H\000a\000r\000d\000w\000a\000r\000e\000\040\000e\000\040\000D\000o\000c\000u\000m\000e\000n\000t\000a\000z\000i\000o\000n\000e\000\040\000T\000e\000c\000n\000i\000c\000a}{}% 23
\BOOKMARK [2][-]{subsection.Alph2.1}{\376\377\000B\000.\0001\000\040\000S\000c\000h\000e\000m\000i\000\040\000E\000l\000e\000t\000t\000r\000i\000c\000i}{appendix.Alph2}% 24
